<logheader platform="Windows 8 Enterprise Edition (No Service Pack) 64-bit" process_id="avagent" version="7.2.101-32" tz="Eastern Daylight Time" />

--------------------------------------------------------------------------------------------------------
-----  START avagent log 2017-09-15 02:56:54 Eastern Daylight Time  [7.2.101-32 Windows 8 Enterprise Edition (No Service Pack) 64-bit-AMD64]
--------------------------------------------------------------------------------------------------------

2017/09/15-06:56:54.67199 [avagent]  Debug output redirected
2017-09-15 02:56:54 avagent Info <5008>: Logging to c:\av.log
2017/09/15-06:56:54.67199 [avagent]  Config: VARDIR=C:\Program Files\avs\var, HOMEDIR=C:\Users\bhojaa
2017/09/15-06:56:54.67199 [avagent]  Looking for flag file "C:\Program Files\avs\var\avamar.cmd"
2017/09/15-06:56:54.67799 [avagent]  Looking for flag file "C:\Program Files\avs\var\avagent.cmd"
2017/09/15-06:56:54.67799 [avagent]  Looking for flag file "C:\Program Files\avs\var\.avagent"
2017-09-15 02:56:54 avagent Info <5702>: Command Line: C:\Program Files\avs\bin\avagent.exe --init --daemon=false --logfile=c:\av.log --mcsaddr=GRD3478-U.corp.emc.com --dpndomain=/GMTminus5 
2017-09-15 02:56:54 avagent Info <5703>: Parsed Flags: C:\Program Files\avs\bin\avagent.exe --initialize --service=false --logfile=c:\av.log --mcsaddr=GRD3478-U.corp.emc.com --dpndomain=/GMTminus5
2017-09-15 02:56:54 avagent Info <18908>: This client does not appear to have SSL certificates installed in the OpenSSL Certificate Store -- will try to copy from Windows Certificate Store
2017-09-15 02:56:54 avagent Info <19117>: Migrating Public Certificate 'Avamar Trusted Client'
2017-09-15 02:56:54 avagent Info <19124>: Public Certificate 'Avamar Trusted Client' not found in Windows Certificate Store
2017-09-15 02:56:54 avagent Info <18910>: Successfully processed Windows Certificate Store and found no certificates to copy to OpenSSL Certificate Store
2017-09-15 02:56:55 avagent Info <18918>: Registration: Processing secure registration with the MCS.
2017-09-15 02:56:55 avagent Info <18921>: Registration: Requesting root CA from the MCS.
2017-09-15 02:56:55 avagent Info <18997>: Received from MCS 1:'root-cert :  is an undefined request'
2017-09-15 02:56:55 avagent Info <18922>: Registration: MCS does not support enhanced security, using proprietary communication.
2017-09-15 02:56:55 avagent Info <5933>: Checking for plug-in information files (.pin) in C:\Program Files\avs\var
2017-09-15 02:56:55 avagent Info <7324>: Volume Type for "C:\" is "NTFS", Supports Compression=1, Encryption=1, ACLS=1, DataStreams=1, Reparse=1, Sparse=1, Hardlinks=1
2017-09-15 02:56:55 avagent Info <5933>: Checking for plug-in information files (.pin) in C:\Program Files\avs\bin
2017-09-15 02:56:55 avagent Info <5934>: Reading pin file C:\Program Files\avs\bin\update.pin
2017-09-15 02:56:55 avagent Info <7264>: Finished READING xml file - starting parse
2017-09-15 02:56:55 avagent Info <6627>: Checking version of plug-in 'update', executable name 'avupdate' (mode:ctl)
2017-09-15 02:56:55 avagent Info <5936>: Plug-in version 7.2.101-32 found for update plug-in
2017-09-15 02:56:55 avagent Info <12489>: mess 0 '<plugin-description pid="update" interface="ctl" appname="avupdate" pid-ordinal="23" desc="Update plugin" exe="avupdate" use-clientlogsdir="true" version="7.2.101-32" processortype="AMD64" osversion="Windows 8 Enterprise Edition (No Service Pack) 64-bit" osname="Windows 8 Enterprise Edition (No Service Pack) 64-bit" />
'
2017-09-15 02:56:55 avagent Info <5934>: Reading pin file C:\Program Files\avs\bin\vss.pin
2017-09-15 02:56:55 avagent Info <7264>: Finished READING xml file - starting parse
2017-09-15 02:56:55 avagent Info <6627>: Checking version of plug-in 'VSS', executable name 'avvss' (mode:ctl)
2017-09-15 02:56:56 avagent Info <5936>: Plug-in version 7.2.101-32 found for VSS plug-in
2017-09-15 02:56:56 avagent Info <12489>: mess 1 '<plugin-description pid="VSS" interface="ctl" appname="avvss" pid-ordinal="15" desc="Performs VSS snapup & restore" exe="avvss" version="7.2.101-32" processortype="AMD64" osversion="Windows 8 Enterprise Edition (No Service Pack) 64-bit" osname="Windows 8 Enterprise Edition (No Service Pack) 64-bit" />
'
2017-09-15 02:56:56 avagent Info <5934>: Reading pin file C:\Program Files\avs\bin\windows.pin
2017-09-15 02:56:56 avagent Info <7264>: Finished READING xml file - starting parse
2017-09-15 02:56:56 avagent Info <6627>: Checking version of plug-in 'Windows', executable name 'avtar' (mode:ctl)
2017-09-15 02:56:56 avagent Info <5936>: Plug-in version 7.2.101-32 found for Windows plug-in
2017-09-15 02:56:56 avagent Info <12489>: mess 2 '<plugin-description pid="Windows" interface="ctl" appname="avtar" pid-ordinal="1" desc="Performs Windows filesystem snapups" exe="avtar" use-clientlogsdir="true" version="7.2.101-32" processortype="AMD64" osversion="Windows 8 Enterprise Edition (No Service Pack) 64-bit" osname="Windows 8 Enterprise Edition (No Service Pack) 64-bit" />
'
2017-09-15 02:56:56 avagent Info <6601>: Hostnamelist: ingsbhojaal2c.corp.emc.com,10.30.119.132,ingsbhojaal2c.corp.emc.com,127.0.0.1
2017-09-15 02:56:56 avagent Info <5472>: Registering with the MCS (GRD3478-U.corp.emc.com)
2017-09-15 02:56:59 avagent Info <6610>: 

 ****** Current MCS name 'GRD3478-U.corp.emc.com' ****** 

2017-09-15 02:56:59 avagent Info <7502>: Registration of client /GMTminus5/ingsbhojaal2c.corp.emc.com with MCS GRD3478-U.corp.emc.com:28001 successful.
2017-09-15 02:56:59 avagent Info <5405>: avagent returning with exitcode 0

--------------------------------------------------------------------------------------------------------
----- END avagent log 2017-09-15 02:56:59 Eastern Daylight Time  (0 warnings, 0 errors, 0 fatal errors)
--------------------------------------------------------------------------------------------------------

